<?xml version="1.0" encoding="UTF-8"?>
<testng-results skipped="0" failed="0" total="1" passed="1">
  <reporter-output>
  </reporter-output>
  <suite name="Suite" duration-ms="20247" started-at="2017-10-25T08:19:47Z" finished-at="2017-10-25T08:20:07Z">
    <groups>
    </groups>
    <test name="Test" duration-ms="20247" started-at="2017-10-25T08:19:47Z" finished-at="2017-10-25T08:20:07Z">
      <class name="com.TestDemo.TestLogin">
        <test-method status="PASS" signature="TestStart()[pri:0, instance:com.TestDemo.TestLogin@69af0db6]" name="TestStart" is-config="true" duration-ms="248" started-at="2017-10-25T16:19:47Z" finished-at="2017-10-25T16:19:47Z">
          <reporter-output>
          </reporter-output>
        </test-method> <!-- TestStart -->
        <test-method status="PASS" signature="MethodStart(java.lang.String)[pri:0, instance:com.TestDemo.TestLogin@69af0db6]" name="MethodStart" is-config="true" duration-ms="5731" started-at="2017-10-25T16:19:48Z" finished-at="2017-10-25T16:19:54Z">
          <params>
            <param index="0">
              <value>
                <![CDATA[chrome]]>
              </value>
            </param>
          </params>
          <reporter-output>
          </reporter-output>
        </test-method> <!-- MethodStart -->
        <test-method status="PASS" signature="testLogin(java.util.HashMap)[pri:0, instance:com.TestDemo.TestLogin@69af0db6]" name="testLogin" duration-ms="11253" started-at="2017-10-25T16:19:54Z" data-provider="read2007_test2" finished-at="2017-10-25T16:20:05Z">
          <params>
            <param index="0">
              <value>
                <![CDATA[{Password=qwer1234, Username=admin}]]>
              </value>
            </param>
          </params>
          <reporter-output>
          </reporter-output>
        </test-method> <!-- testLogin -->
        <test-method status="PASS" signature="MethodEnd()[pri:0, instance:com.TestDemo.TestLogin@69af0db6]" name="MethodEnd" is-config="true" duration-ms="1617" started-at="2017-10-25T16:20:05Z" finished-at="2017-10-25T16:20:07Z">
          <reporter-output>
          </reporter-output>
        </test-method> <!-- MethodEnd -->
        <test-method status="PASS" signature="TestEnd()[pri:0, instance:com.TestDemo.TestLogin@69af0db6]" name="TestEnd" is-config="true" duration-ms="1" started-at="2017-10-25T16:20:07Z" finished-at="2017-10-25T16:20:07Z">
          <reporter-output>
          </reporter-output>
        </test-method> <!-- TestEnd -->
      </class> <!-- com.TestDemo.TestLogin -->
    </test> <!-- Test -->
  </suite> <!-- Suite -->
</testng-results>
