<?xml version="1.0" encoding="UTF-8"?>
<testng-results skipped="0" failed="0" total="1" passed="1">
  <reporter-output>
  </reporter-output>
  <suite name="Suite" duration-ms="97621" started-at="2017-10-26T09:44:16Z" finished-at="2017-10-26T09:45:54Z">
    <groups>
    </groups>
    <test name="Test" duration-ms="97621" started-at="2017-10-26T09:44:16Z" finished-at="2017-10-26T09:45:54Z">
      <class name="com.TestDemo.TestLogin">
        <test-method status="PASS" signature="TestStart()[pri:0, instance:com.TestDemo.TestLogin@515f9553]" name="TestStart" is-config="true" duration-ms="1345" started-at="2017-10-26T17:44:16Z" finished-at="2017-10-26T17:44:18Z">
          <reporter-output>
          </reporter-output>
        </test-method> <!-- TestStart -->
        <test-method status="PASS" signature="MethodStart(java.lang.String)[pri:0, instance:com.TestDemo.TestLogin@515f9553]" name="MethodStart" is-config="true" duration-ms="9933" started-at="2017-10-26T17:44:21Z" finished-at="2017-10-26T17:44:31Z">
          <params>
            <param index="0">
              <value>
                <![CDATA[chrome]]>
              </value>
            </param>
          </params>
          <reporter-output>
          </reporter-output>
        </test-method> <!-- MethodStart -->
        <test-method status="PASS" signature="testLogin(java.util.HashMap)[pri:0, instance:com.TestDemo.TestLogin@515f9553]" name="testLogin" duration-ms="69450" started-at="2017-10-26T17:44:31Z" data-provider="read2007_test2" finished-at="2017-10-26T17:45:40Z">
          <params>
            <param index="0">
              <value>
                <![CDATA[{Password=qwer1234, Username=admin}]]>
              </value>
            </param>
          </params>
          <reporter-output>
          </reporter-output>
        </test-method> <!-- testLogin -->
        <test-method status="PASS" signature="MethodEnd()[pri:0, instance:com.TestDemo.TestLogin@515f9553]" name="MethodEnd" is-config="true" duration-ms="11936" started-at="2017-10-26T17:45:42Z" finished-at="2017-10-26T17:45:54Z">
          <reporter-output>
          </reporter-output>
        </test-method> <!-- MethodEnd -->
        <test-method status="PASS" signature="TestEnd()[pri:0, instance:com.TestDemo.TestLogin@515f9553]" name="TestEnd" is-config="true" duration-ms="1" started-at="2017-10-26T17:45:54Z" finished-at="2017-10-26T17:45:54Z">
          <reporter-output>
          </reporter-output>
        </test-method> <!-- TestEnd -->
      </class> <!-- com.TestDemo.TestLogin -->
    </test> <!-- Test -->
  </suite> <!-- Suite -->
</testng-results>
